  [1m[35m (1883.5ms)[0m  [1m[35mCREATE DATABASE "parameters_challenge_development" ENCODING = 'unicode'[0m
  [1m[35m (1098.6ms)[0m  [1m[35mCREATE DATABASE "parameters_challenge_test" ENCODING = 'unicode'[0m
Started GET "/" for ::1 at 2021-03-16 14:25:36 -0700
Processing by Rails::WelcomeController#index as HTML
  Rendering /Users/lexpeterson/.rvm/gems/ruby-3.0.0/gems/railties-6.1.3/lib/rails/templates/rails/welcome/index.html.erb
  Rendered /Users/lexpeterson/.rvm/gems/ruby-3.0.0/gems/railties-6.1.3/lib/rails/templates/rails/welcome/index.html.erb (Duration: 41.4ms | Allocations: 522)
Completed 200 OK in 302ms (Views: 241.5ms | ActiveRecord: 0.0ms | Allocations: 4231)


Started GET "/numbers" for ::1 at 2021-03-16 14:25:50 -0700
  
ActionController::RoutingError (No route matches [GET] "/numbers"):
  
Started GET "/number_cubed" for ::1 at 2021-03-16 14:26:01 -0700
  
ActionController::RoutingError (No route matches [GET] "/number_cubed"):
  
Started GET "/number_cubed" for ::1 at 2021-03-16 14:27:17 -0700
  
ActionController::RoutingError (No route matches [GET] "/number_cubed"):
  
Started GET "/number_cubed" for ::1 at 2021-03-16 14:27:32 -0700
  
ActionController::RoutingError (No route matches [GET] "/number_cubed"):
  
Started GET "/number_cubed" for ::1 at 2021-03-16 14:27:34 -0700
  
ActionController::RoutingError (No route matches [GET] "/number_cubed"):
  
Started GET "/number_cubed" for ::1 at 2021-03-16 14:27:52 -0700
  
ActionController::RoutingError (No route matches [GET] "/number_cubed"):
  
Started GET "/number_cubed" for ::1 at 2021-03-16 14:28:14 -0700
  
ActionController::RoutingError (No route matches [GET] "/number_cubed"):
  
Started GET "/number_cubed" for ::1 at 2021-03-16 14:28:14 -0700
  
ActionController::RoutingError (No route matches [GET] "/number_cubed"):
  
Started GET "/number_cubed" for ::1 at 2021-03-16 14:28:17 -0700
  
ActionController::RoutingError (No route matches [GET] "/number_cubed"):
  
Started GET "/number_cubed/5" for ::1 at 2021-03-16 14:28:46 -0700
DEPRECATION WARNING: Rendering actions with '.' in the name is deprecated: numbers/numbercubed.html.erb (called from <class:NumbersController> at /Users/lexpeterson/Desktop/rails-challenges/parameters_challenge/app/controllers/numbers_controller.rb:6)
  Rendering layout layouts/application.html.erb
  Rendering numbers/numbercubed.html.erb within layouts/application
  Rendered numbers/numbercubed.html.erb within layouts/application (Duration: 0.5ms | Allocations: 138)
[Webpacker] Compiling...
[Webpacker] Compiled all packs in /Users/lexpeterson/Desktop/rails-challenges/parameters_challenge/public/packs
[Webpacker] Hash: e332c6419728fac579d5
Version: webpack 4.46.0
Time: 8569ms
Built at: 03/16/2021 2:29:00 PM
                                     Asset       Size       Chunks                         Chunk Names
    js/application-f826770d917d8a37c1d8.js    125 KiB  application  [emitted] [immutable]  application
js/application-f826770d917d8a37c1d8.js.map    139 KiB  application  [emitted] [dev]        application
                             manifest.json  364 bytes               [emitted]              
Entrypoint application = js/application-f826770d917d8a37c1d8.js js/application-f826770d917d8a37c1d8.js.map
[./app/javascript/channels sync recursive _channel\.js$] ./app/javascript/channels sync _channel\.js$ 160 bytes {application} [built]
[./app/javascript/channels/index.js] 211 bytes {application} [built]
[./app/javascript/packs/application.js] 492 bytes {application} [built]
[./node_modules/webpack/buildin/module.js] (webpack)/buildin/module.js 552 bytes {application} [built]
    + 3 hidden modules

  Rendered layout layouts/application.html.erb (Duration: 15330.3ms | Allocations: 14402)
Processing by NumbersController#number_cubed as HTML
  Parameters: {"number"=>"5"}
Completed 500 Internal Server Error in 3ms (ActiveRecord: 0.0ms | Allocations: 1716)


  
NoMethodError (undefined method `**' for "5":String
Did you mean?  *):
  
app/controllers/numbers_controller.rb:4:in `number_cubed'
Started GET "/number_cubed/5" for ::1 at 2021-03-16 14:31:33 -0700
DEPRECATION WARNING: Rendering actions with '.' in the name is deprecated: numbers/numbercubed.html.erb (called from <class:NumbersController> at /Users/lexpeterson/Desktop/rails-challenges/parameters_challenge/app/controllers/numbers_controller.rb:6)
  Rendering layout layouts/application.html.erb
  Rendering numbers/numbercubed.html.erb within layouts/application
  Rendered numbers/numbercubed.html.erb within layouts/application (Duration: 0.6ms | Allocations: 134)
[Webpacker] Everything's up-to-date. Nothing to do
  Rendered layout layouts/application.html.erb (Duration: 22.7ms | Allocations: 3628)
Processing by NumbersController#number_cubed as HTML
  Parameters: {"number"=>"5"}
Completed 406 Not Acceptable in 4ms (ActiveRecord: 0.0ms | Allocations: 1815)


  
ActionController::MissingExactTemplate (NumbersController#number_cubed is missing a template for request formats: text/html):
  
actionpack (6.1.3) lib/action_controller/metal/implicit_render.rb:45:in `default_render'
actionpack (6.1.3) lib/action_controller/metal/basic_implicit_render.rb:6:in `block in send_action'
<internal:kernel>:90:in `tap'
actionpack (6.1.3) lib/action_controller/metal/basic_implicit_render.rb:6:in `send_action'
actionpack (6.1.3) lib/abstract_controller/base.rb:228:in `process_action'
actionpack (6.1.3) lib/action_controller/metal/rendering.rb:30:in `process_action'
actionpack (6.1.3) lib/abstract_controller/callbacks.rb:42:in `block in process_action'
activesupport (6.1.3) lib/active_support/callbacks.rb:117:in `block in run_callbacks'
actiontext (6.1.3) lib/action_text/rendering.rb:20:in `with_renderer'
actiontext (6.1.3) lib/action_text/engine.rb:55:in `block (4 levels) in <class:Engine>'
activesupport (6.1.3) lib/active_support/callbacks.rb:126:in `instance_exec'
activesupport (6.1.3) lib/active_support/callbacks.rb:126:in `block in run_callbacks'
activesupport (6.1.3) lib/active_support/callbacks.rb:137:in `run_callbacks'
actionpack (6.1.3) lib/abstract_controller/callbacks.rb:41:in `process_action'
actionpack (6.1.3) lib/action_controller/metal/rescue.rb:22:in `process_action'
actionpack (6.1.3) lib/action_controller/metal/instrumentation.rb:34:in `block in process_action'
activesupport (6.1.3) lib/active_support/notifications.rb:203:in `block in instrument'
activesupport (6.1.3) lib/active_support/notifications/instrumenter.rb:24:in `instrument'
activesupport (6.1.3) lib/active_support/notifications.rb:203:in `instrument'
actionpack (6.1.3) lib/action_controller/metal/instrumentation.rb:33:in `process_action'
actionpack (6.1.3) lib/action_controller/metal/params_wrapper.rb:249:in `process_action'
activerecord (6.1.3) lib/active_record/railties/controller_runtime.rb:27:in `process_action'
actionpack (6.1.3) lib/abstract_controller/base.rb:165:in `process'
actionview (6.1.3) lib/action_view/rendering.rb:39:in `process'
actionpack (6.1.3) lib/action_controller/metal.rb:190:in `dispatch'
actionpack (6.1.3) lib/action_controller/metal.rb:254:in `dispatch'
actionpack (6.1.3) lib/action_dispatch/routing/route_set.rb:50:in `dispatch'
actionpack (6.1.3) lib/action_dispatch/routing/route_set.rb:33:in `serve'
actionpack (6.1.3) lib/action_dispatch/journey/router.rb:50:in `block in serve'
actionpack (6.1.3) lib/action_dispatch/journey/router.rb:32:in `each'
actionpack (6.1.3) lib/action_dispatch/journey/router.rb:32:in `serve'
actionpack (6.1.3) lib/action_dispatch/routing/route_set.rb:842:in `call'
rack (2.2.3) lib/rack/tempfile_reaper.rb:15:in `call'
rack (2.2.3) lib/rack/etag.rb:27:in `call'
rack (2.2.3) lib/rack/conditional_get.rb:27:in `call'
rack (2.2.3) lib/rack/head.rb:12:in `call'
actionpack (6.1.3) lib/action_dispatch/http/permissions_policy.rb:22:in `call'
actionpack (6.1.3) lib/action_dispatch/http/content_security_policy.rb:18:in `call'
rack (2.2.3) lib/rack/session/abstract/id.rb:266:in `context'
rack (2.2.3) lib/rack/session/abstract/id.rb:260:in `call'
actionpack (6.1.3) lib/action_dispatch/middleware/cookies.rb:689:in `call'
activerecord (6.1.3) lib/active_record/migration.rb:601:in `call'
actionpack (6.1.3) lib/action_dispatch/middleware/callbacks.rb:27:in `block in call'
activesupport (6.1.3) lib/active_support/callbacks.rb:98:in `run_callbacks'
actionpack (6.1.3) lib/action_dispatch/middleware/callbacks.rb:26:in `call'
actionpack (6.1.3) lib/action_dispatch/middleware/executor.rb:14:in `call'
actionpack (6.1.3) lib/action_dispatch/middleware/actionable_exceptions.rb:18:in `call'
actionpack (6.1.3) lib/action_dispatch/middleware/debug_exceptions.rb:29:in `call'
web-console (4.1.0) lib/web_console/middleware.rb:132:in `call_app'
web-console (4.1.0) lib/web_console/middleware.rb:28:in `block in call'
web-console (4.1.0) lib/web_console/middleware.rb:17:in `catch'
web-console (4.1.0) lib/web_console/middleware.rb:17:in `call'
actionpack (6.1.3) lib/action_dispatch/middleware/show_exceptions.rb:33:in `call'
railties (6.1.3) lib/rails/rack/logger.rb:37:in `call_app'
railties (6.1.3) lib/rails/rack/logger.rb:26:in `block in call'
activesupport (6.1.3) lib/active_support/tagged_logging.rb:99:in `block in tagged'
activesupport (6.1.3) lib/active_support/tagged_logging.rb:37:in `tagged'
activesupport (6.1.3) lib/active_support/tagged_logging.rb:99:in `tagged'
railties (6.1.3) lib/rails/rack/logger.rb:26:in `call'
sprockets-rails (3.2.2) lib/sprockets/rails/quiet_assets.rb:13:in `call'
actionpack (6.1.3) lib/action_dispatch/middleware/remote_ip.rb:81:in `call'
actionpack (6.1.3) lib/action_dispatch/middleware/request_id.rb:26:in `call'
rack (2.2.3) lib/rack/method_override.rb:24:in `call'
rack (2.2.3) lib/rack/runtime.rb:22:in `call'
activesupport (6.1.3) lib/active_support/cache/strategy/local_cache_middleware.rb:29:in `call'
actionpack (6.1.3) lib/action_dispatch/middleware/executor.rb:14:in `call'
actionpack (6.1.3) lib/action_dispatch/middleware/static.rb:24:in `call'
rack (2.2.3) lib/rack/sendfile.rb:110:in `call'
actionpack (6.1.3) lib/action_dispatch/middleware/host_authorization.rb:98:in `call'
rack-mini-profiler (2.3.1) lib/mini_profiler/profiler.rb:373:in `call'
webpacker (5.2.1) lib/webpacker/dev_server_proxy.rb:25:in `perform_request'
rack-proxy (0.6.5) lib/rack/proxy.rb:57:in `call'
railties (6.1.3) lib/rails/engine.rb:539:in `call'
puma (5.2.2) lib/puma/configuration.rb:248:in `call'
puma (5.2.2) lib/puma/request.rb:76:in `block in handle_request'
puma (5.2.2) lib/puma/thread_pool.rb:337:in `with_force_shutdown'
puma (5.2.2) lib/puma/request.rb:75:in `handle_request'
puma (5.2.2) lib/puma/server.rb:431:in `process_client'
puma (5.2.2) lib/puma/thread_pool.rb:145:in `block in spawn_thread'
Started GET "/number_cubed/5" for ::1 at 2021-03-16 14:32:11 -0700
Processing by NumbersController#number_cubed as HTML
  Parameters: {"number"=>"5"}
DEPRECATION WARNING: Rendering actions with '.' in the name is deprecated: numbers/numbercubed.html.erb (called from number_cubed at /Users/lexpeterson/Desktop/rails-challenges/parameters_challenge/app/controllers/numbers_controller.rb:5)
  Rendering layout layouts/application.html.erb
  Rendering numbers/numbercubed.html.erb within layouts/application
  Rendered numbers/numbercubed.html.erb within layouts/application (Duration: 0.2ms | Allocations: 43)
[Webpacker] Everything's up-to-date. Nothing to do
  Rendered layout layouts/application.html.erb (Duration: 10.0ms | Allocations: 3509)
Completed 200 OK in 12ms (Views: 11.8ms | ActiveRecord: 0.0ms | Allocations: 4337)


Started GET "/number_cubed/17" for ::1 at 2021-03-16 14:32:26 -0700
Processing by NumbersController#number_cubed as HTML
  Parameters: {"number"=>"17"}
  Rendering layout layouts/application.html.erb
  Rendering numbers/numbercubed.html.erb within layouts/application
  Rendered numbers/numbercubed.html.erb within layouts/application (Duration: 0.2ms | Allocations: 41)
[Webpacker] Everything's up-to-date. Nothing to do
  Rendered layout layouts/application.html.erb (Duration: 11.0ms | Allocations: 3435)
Completed 200 OK in 13ms (Views: 12.0ms | ActiveRecord: 0.0ms | Allocations: 3897)


Started GET "/number_cubed/2" for ::1 at 2021-03-16 14:32:34 -0700
Processing by NumbersController#number_cubed as HTML
  Parameters: {"number"=>"2"}
  Rendering layout layouts/application.html.erb
  Rendering numbers/numbercubed.html.erb within layouts/application
  Rendered numbers/numbercubed.html.erb within layouts/application (Duration: 0.5ms | Allocations: 41)
[Webpacker] Everything's up-to-date. Nothing to do
  Rendered layout layouts/application.html.erb (Duration: 17.0ms | Allocations: 3427)
Completed 200 OK in 19ms (Views: 18.5ms | ActiveRecord: 0.0ms | Allocations: 3857)


Started GET "/divisible_by/4/2" for ::1 at 2021-03-16 14:42:19 -0700
Processing by NumbersController#divisible_by as HTML
  Parameters: {"number1"=>"4", "number2"=>"2"}
Completed 500 Internal Server Error in 2ms (Allocations: 586)


  
TypeError (String can't be coerced into Integer):
  
app/controllers/numbers_controller.rb:10:in `%'
app/controllers/numbers_controller.rb:10:in `divisible_by'
Started GET "/divisible_by/4/2" for ::1 at 2021-03-16 14:42:38 -0700
Processing by NumbersController#divisible_by as HTML
  Parameters: {"number1"=>"4", "number2"=>"2"}
DEPRECATION WARNING: Rendering actions with '.' in the name is deprecated: numbers/divisibleby.html.erb (called from divisible_by at /Users/lexpeterson/Desktop/rails-challenges/parameters_challenge/app/controllers/numbers_controller.rb:15)
  Rendering layout layouts/application.html.erb
  Rendering numbers/divisibleby.html.erb within layouts/application
  Rendered numbers/divisibleby.html.erb within layouts/application (Duration: 0.8ms | Allocations: 140)
[Webpacker] Everything's up-to-date. Nothing to do
  Rendered layout layouts/application.html.erb (Duration: 118.3ms | Allocations: 3772)
Completed 200 OK in 131ms (Views: 129.7ms | Allocations: 5156)


Started GET "/divisible_by/4/2" for ::1 at 2021-03-16 14:42:53 -0700
Processing by NumbersController#divisible_by as HTML
  Parameters: {"number1"=>"4", "number2"=>"2"}
  Rendering layout layouts/application.html.erb
  Rendering numbers/divisibleby.html.erb within layouts/application
  Rendered numbers/divisibleby.html.erb within layouts/application (Duration: 0.2ms | Allocations: 43)
[Webpacker] Everything's up-to-date. Nothing to do
  Rendered layout layouts/application.html.erb (Duration: 15.9ms | Allocations: 3474)
Completed 200 OK in 21ms (Views: 18.3ms | Allocations: 4089)


Started GET "/divisible_by/4/3" for ::1 at 2021-03-16 14:43:02 -0700
Processing by NumbersController#divisible_by as HTML
  Parameters: {"number1"=>"4", "number2"=>"3"}
  Rendering layout layouts/application.html.erb
  Rendering numbers/divisibleby.html.erb within layouts/application
  Rendered numbers/divisibleby.html.erb within layouts/application (Duration: 0.2ms | Allocations: 41)
[Webpacker] Everything's up-to-date. Nothing to do
  Rendered layout layouts/application.html.erb (Duration: 12.3ms | Allocations: 3427)
Completed 200 OK in 14ms (Views: 13.5ms | Allocations: 3857)


