  [1m[35m (638.5ms)[0m  [1m[35mCREATE DATABASE "routes_controllers_views_challenge_development" ENCODING = 'unicode'[0m
  [1m[35m (281.9ms)[0m  [1m[35mCREATE DATABASE "routes_controllers_views_challenge_test" ENCODING = 'unicode'[0m
Started GET "/" for ::1 at 2021-03-16 10:44:06 -0700
Processing by Rails::WelcomeController#index as HTML
  Rendering /Users/learnacademy/.rvm/gems/ruby-3.0.0/gems/railties-6.1.3/lib/rails/templates/rails/welcome/index.html.erb
  Rendered /Users/learnacademy/.rvm/gems/ruby-3.0.0/gems/railties-6.1.3/lib/rails/templates/rails/welcome/index.html.erb (Duration: 11.8ms | Allocations: 522)
Completed 200 OK in 44ms (Views: 21.7ms | ActiveRecord: 0.0ms | Allocations: 4216)


Started GET "/" for ::1 at 2021-03-16 10:44:07 -0700
Processing by Rails::WelcomeController#index as HTML
  Rendering /Users/learnacademy/.rvm/gems/ruby-3.0.0/gems/railties-6.1.3/lib/rails/templates/rails/welcome/index.html.erb
  Rendered /Users/learnacademy/.rvm/gems/ruby-3.0.0/gems/railties-6.1.3/lib/rails/templates/rails/welcome/index.html.erb (Duration: 26.5ms | Allocations: 219)
Completed 200 OK in 53ms (Views: 37.1ms | ActiveRecord: 0.0ms | Allocations: 952)


Started GET "/" for ::1 at 2021-03-16 11:01:31 -0700
Processing by Rails::WelcomeController#index as HTML
  Rendering /Users/learnacademy/.rvm/gems/ruby-3.0.0/gems/railties-6.1.3/lib/rails/templates/rails/welcome/index.html.erb
  Rendered /Users/learnacademy/.rvm/gems/ruby-3.0.0/gems/railties-6.1.3/lib/rails/templates/rails/welcome/index.html.erb (Duration: 7.6ms | Allocations: 223)
Completed 200 OK in 11ms (Views: 9.5ms | Allocations: 950)


Started GET "/" for ::1 at 2021-03-16 11:10:36 -0700
Processing by Rails::WelcomeController#index as HTML
  Rendering /Users/learnacademy/.rvm/gems/ruby-3.0.0/gems/railties-6.1.3/lib/rails/templates/rails/welcome/index.html.erb
  Rendered /Users/learnacademy/.rvm/gems/ruby-3.0.0/gems/railties-6.1.3/lib/rails/templates/rails/welcome/index.html.erb (Duration: 0.6ms | Allocations: 46)
Completed 200 OK in 2ms (Views: 1.1ms | Allocations: 407)


Started GET "/" for ::1 at 2021-03-16 11:10:48 -0700
Processing by Rails::WelcomeController#index as HTML
  Rendering /Users/learnacademy/.rvm/gems/ruby-3.0.0/gems/railties-6.1.3/lib/rails/templates/rails/welcome/index.html.erb
  Rendered /Users/learnacademy/.rvm/gems/ruby-3.0.0/gems/railties-6.1.3/lib/rails/templates/rails/welcome/index.html.erb (Duration: 0.5ms | Allocations: 46)
Completed 200 OK in 3ms (Views: 1.6ms | Allocations: 407)


Started GET "/" for ::1 at 2021-03-16 11:10:49 -0700
Processing by Rails::WelcomeController#index as HTML
  Rendering /Users/learnacademy/.rvm/gems/ruby-3.0.0/gems/railties-6.1.3/lib/rails/templates/rails/welcome/index.html.erb
  Rendered /Users/learnacademy/.rvm/gems/ruby-3.0.0/gems/railties-6.1.3/lib/rails/templates/rails/welcome/index.html.erb (Duration: 0.5ms | Allocations: 45)
Completed 200 OK in 2ms (Views: 1.2ms | Allocations: 401)


Started GET "/" for ::1 at 2021-03-16 11:10:50 -0700
Processing by Rails::WelcomeController#index as HTML
  Rendering /Users/learnacademy/.rvm/gems/ruby-3.0.0/gems/railties-6.1.3/lib/rails/templates/rails/welcome/index.html.erb
  Rendered /Users/learnacademy/.rvm/gems/ruby-3.0.0/gems/railties-6.1.3/lib/rails/templates/rails/welcome/index.html.erb (Duration: 0.7ms | Allocations: 45)
Completed 200 OK in 3ms (Views: 1.8ms | Allocations: 401)


Started GET "/" for ::1 at 2021-03-16 11:10:50 -0700
Processing by Rails::WelcomeController#index as HTML
  Rendering /Users/learnacademy/.rvm/gems/ruby-3.0.0/gems/railties-6.1.3/lib/rails/templates/rails/welcome/index.html.erb
  Rendered /Users/learnacademy/.rvm/gems/ruby-3.0.0/gems/railties-6.1.3/lib/rails/templates/rails/welcome/index.html.erb (Duration: 0.7ms | Allocations: 46)
Completed 200 OK in 3ms (Views: 1.6ms | Allocations: 407)


Started GET "/" for ::1 at 2021-03-16 11:10:51 -0700
Processing by Rails::WelcomeController#index as HTML
  Rendering /Users/learnacademy/.rvm/gems/ruby-3.0.0/gems/railties-6.1.3/lib/rails/templates/rails/welcome/index.html.erb
  Rendered /Users/learnacademy/.rvm/gems/ruby-3.0.0/gems/railties-6.1.3/lib/rails/templates/rails/welcome/index.html.erb (Duration: 0.6ms | Allocations: 45)
Completed 200 OK in 2ms (Views: 1.4ms | Allocations: 401)


Started GET "/Top10Rappers" for ::1 at 2021-03-16 11:12:40 -0700
Processing by MainController#TopRappers as HTML
  Rendering html template
  Rendered html template (Duration: 0.1ms | Allocations: 32)
Completed 200 OK in 6ms (Views: 4.5ms | Allocations: 706)


Started GET "/Top10Rappers" for ::1 at 2021-03-16 11:13:58 -0700
Processing by MainController#TopRappers as HTML
  Rendering html template
  Rendered html template (Duration: 0.1ms | Allocations: 27)
Completed 200 OK in 3ms (Views: 1.8ms | Allocations: 506)


Started GET "/Top10Rappers" for ::1 at 2021-03-16 11:13:59 -0700
Processing by MainController#TopRappers as HTML
  Rendering html template
  Rendered html template (Duration: 0.1ms | Allocations: 27)
Completed 200 OK in 2ms (Views: 1.4ms | Allocations: 321)


Started GET "/Top10Rappers" for ::1 at 2021-03-16 11:14:01 -0700
Processing by MainController#TopRappers as HTML
  Rendering html template
  Rendered html template (Duration: 0.1ms | Allocations: 27)
Completed 200 OK in 1ms (Views: 0.9ms | Allocations: 321)


Started GET "/Top10Rappers" for ::1 at 2021-03-16 11:14:03 -0700
Processing by MainController#TopRappers as HTML
  Rendering html template
  Rendered html template (Duration: 0.1ms | Allocations: 27)
Completed 200 OK in 2ms (Views: 0.8ms | Allocations: 321)


Started GET "/top10" for ::1 at 2021-03-16 11:14:35 -0700
  
ActionController::RoutingError (No route matches [GET] "/top10"):
  
Started GET "/top10" for ::1 at 2021-03-16 11:15:36 -0700
  
ActionController::RoutingError (No route matches [GET] "/top10"):
  
Started GET "/top10" for ::1 at 2021-03-16 11:15:37 -0700
  
ActionController::RoutingError (No route matches [GET] "/top10"):
  
Started GET "/top10" for ::1 at 2021-03-16 11:15:39 -0700
  
ActionController::RoutingError (No route matches [GET] "/top10"):
  
Started GET "/" for ::1 at 2021-03-16 11:15:52 -0700
Processing by Rails::WelcomeController#index as HTML
  Rendering /Users/learnacademy/.rvm/gems/ruby-3.0.0/gems/railties-6.1.3/lib/rails/templates/rails/welcome/index.html.erb
  Rendered /Users/learnacademy/.rvm/gems/ruby-3.0.0/gems/railties-6.1.3/lib/rails/templates/rails/welcome/index.html.erb (Duration: 0.7ms | Allocations: 45)
Completed 200 OK in 3ms (Views: 1.8ms | Allocations: 403)


Started GET "/Top10" for ::1 at 2021-03-16 11:15:57 -0700
Processing by MainController#Top10 as HTML
DEPRECATION WARNING: Rendering actions with '.' in the name is deprecated: main/top10.html.erb (called from Top10 at /Users/learnacademy/Desktop/rails-challenges/routes_controllers_views_challenge/app/controllers/main_controller.rb:7)
  Rendering layout layouts/application.html.erb
  Rendering main/top10.html.erb within layouts/application
  Rendered main/top10.html.erb within layouts/application (Duration: 1.5ms | Allocations: 161)
[Webpacker] Compiling...
[Webpacker] Compiled all packs in /Users/learnacademy/Desktop/rails-challenges/routes_controllers_views_challenge/public/packs
[Webpacker] Hash: e332c6419728fac579d5
Version: webpack 4.46.0
Time: 3697ms
Built at: 03/16/2021 11:16:05 AM
                                     Asset       Size       Chunks                         Chunk Names
    js/application-f826770d917d8a37c1d8.js    125 KiB  application  [emitted] [immutable]  application
js/application-f826770d917d8a37c1d8.js.map    139 KiB  application  [emitted] [dev]        application
                             manifest.json  364 bytes               [emitted]              
Entrypoint application = js/application-f826770d917d8a37c1d8.js js/application-f826770d917d8a37c1d8.js.map
[./app/javascript/channels sync recursive _channel\.js$] ./app/javascript/channels sync _channel\.js$ 160 bytes {application} [built]
[./app/javascript/channels/index.js] 211 bytes {application} [built]
[./app/javascript/packs/application.js] 492 bytes {application} [built]
[./node_modules/webpack/buildin/module.js] (webpack)/buildin/module.js 552 bytes {application} [built]
    + 3 hidden modules

  Rendered layout layouts/application.html.erb (Duration: 7244.8ms | Allocations: 14637)
Completed 200 OK in 7251ms (Views: 7250.1ms | Allocations: 15986)


Started GET "/" for ::1 at 2021-03-16 11:16:08 -0700
Processing by Rails::WelcomeController#index as HTML
  Rendering /Users/learnacademy/.rvm/gems/ruby-3.0.0/gems/railties-6.1.3/lib/rails/templates/rails/welcome/index.html.erb
  Rendered /Users/learnacademy/.rvm/gems/ruby-3.0.0/gems/railties-6.1.3/lib/rails/templates/rails/welcome/index.html.erb (Duration: 0.7ms | Allocations: 45)
Completed 200 OK in 3ms (Views: 1.9ms | Allocations: 487)


Started GET "/" for ::1 at 2021-03-16 11:16:08 -0700
Processing by Rails::WelcomeController#index as HTML
  Rendering /Users/learnacademy/.rvm/gems/ruby-3.0.0/gems/railties-6.1.3/lib/rails/templates/rails/welcome/index.html.erb
  Rendered /Users/learnacademy/.rvm/gems/ruby-3.0.0/gems/railties-6.1.3/lib/rails/templates/rails/welcome/index.html.erb (Duration: 0.7ms | Allocations: 45)
Completed 200 OK in 3ms (Views: 1.8ms | Allocations: 453)


Started GET "/Top10" for ::1 at 2021-03-16 11:16:13 -0700
Processing by MainController#Top10 as HTML
  Rendering layout layouts/application.html.erb
  Rendering main/top10.html.erb within layouts/application
  Rendered main/top10.html.erb within layouts/application (Duration: 0.2ms | Allocations: 49)
[Webpacker] Everything's up-to-date. Nothing to do
  Rendered layout layouts/application.html.erb (Duration: 7.8ms | Allocations: 3443)
Completed 200 OK in 10ms (Views: 8.9ms | Allocations: 3860)


Started GET "/Top10" for ::1 at 2021-03-16 11:18:40 -0700
Processing by MainController#Top10 as HTML
DEPRECATION WARNING: Rendering actions with '.' in the name is deprecated: main/top10.html.erb (called from Top10 at /Users/learnacademy/Desktop/rails-challenges/routes_controllers_views_challenge/app/controllers/main_controller.rb:7)
  Rendering layout layouts/application.html.erb
  Rendering main/top10.html.erb within layouts/application
  Rendered main/top10.html.erb within layouts/application (Duration: 0.5ms | Allocations: 125)
[Webpacker] Everything's up-to-date. Nothing to do
  Rendered layout layouts/application.html.erb (Duration: 14.7ms | Allocations: 3749)
Completed 200 OK in 22ms (Views: 21.1ms | Allocations: 5086)


