  [1m[35m (1639.9ms)[0m  [1m[35mCREATE DATABASE "blog_app_development" ENCODING = 'unicode'[0m
  [1m[35m (636.5ms)[0m  [1m[35mCREATE DATABASE "blog_app_test" ENCODING = 'unicode'[0m
Started GET "/" for ::1 at 2021-03-17 11:57:01 -0700
Processing by Rails::WelcomeController#index as HTML
  Rendering /Users/lexpeterson/.rvm/gems/ruby-3.0.0/gems/railties-6.1.3/lib/rails/templates/rails/welcome/index.html.erb
  Rendered /Users/lexpeterson/.rvm/gems/ruby-3.0.0/gems/railties-6.1.3/lib/rails/templates/rails/welcome/index.html.erb (Duration: 134.4ms | Allocations: 522)
Completed 200 OK in 380ms (Views: 176.5ms | ActiveRecord: 0.0ms | Allocations: 4216)


Started GET "/" for ::1 at 2021-03-17 11:57:04 -0700
Processing by Rails::WelcomeController#index as HTML
  Rendering /Users/lexpeterson/.rvm/gems/ruby-3.0.0/gems/railties-6.1.3/lib/rails/templates/rails/welcome/index.html.erb
  Rendered /Users/lexpeterson/.rvm/gems/ruby-3.0.0/gems/railties-6.1.3/lib/rails/templates/rails/welcome/index.html.erb (Duration: 18.1ms | Allocations: 219)
Completed 200 OK in 24ms (Views: 21.0ms | ActiveRecord: 0.0ms | Allocations: 952)


  [1m[35m (115.5ms)[0m  [1m[35mCREATE TABLE "schema_migrations" ("version" character varying NOT NULL PRIMARY KEY)[0m
  [1m[35m (294.9ms)[0m  [1m[35mCREATE TABLE "ar_internal_metadata" ("key" character varying NOT NULL PRIMARY KEY, "value" character varying, "created_at" timestamp(6) NOT NULL, "updated_at" timestamp(6) NOT NULL)[0m
  [1m[35m (5.2ms)[0m  [1m[34mSELECT pg_try_advisory_lock(1508658759281986305)[0m
  [1m[35m (1.9ms)[0m  [1m[34mSELECT "schema_migrations"."version" FROM "schema_migrations" ORDER BY "schema_migrations"."version" ASC[0m
Migrating to CreatePosts (20210317210459)
  [1m[36mTRANSACTION (58.4ms)[0m  [1m[35mBEGIN[0m
  [1m[35m (38.0ms)[0m  [1m[35mCREATE TABLE "posts" ("id" bigserial primary key, "title" character varying, "content" character varying, "created_at" timestamp(6) NOT NULL, "updated_at" timestamp(6) NOT NULL)[0m
  [1m[36mActiveRecord::SchemaMigration Create (3.1ms)[0m  [1m[32mINSERT INTO "schema_migrations" ("version") VALUES ($1) RETURNING "version"[0m  [["version", "20210317210459"]]
  [1m[36mTRANSACTION (87.6ms)[0m  [1m[35mCOMMIT[0m
  [1m[36mActiveRecord::InternalMetadata Load (55.5ms)[0m  [1m[34mSELECT "ar_internal_metadata".* FROM "ar_internal_metadata" WHERE "ar_internal_metadata"."key" = $1 LIMIT $2[0m  [["key", "environment"], ["LIMIT", 1]]
  [1m[36mTRANSACTION (22.3ms)[0m  [1m[35mBEGIN[0m
  [1m[36mActiveRecord::InternalMetadata Create (2.5ms)[0m  [1m[32mINSERT INTO "ar_internal_metadata" ("key", "value", "created_at", "updated_at") VALUES ($1, $2, $3, $4) RETURNING "key"[0m  [["key", "environment"], ["value", "development"], ["created_at", "2021-03-17 21:05:19.200475"], ["updated_at", "2021-03-17 21:05:19.200475"]]
  [1m[36mTRANSACTION (142.8ms)[0m  [1m[35mCOMMIT[0m
  [1m[35m (0.5ms)[0m  [1m[34mSELECT pg_advisory_unlock(1508658759281986305)[0m
  [1m[35m (0.9ms)[0m  [1m[34mSELECT "schema_migrations"."version" FROM "schema_migrations" ORDER BY "schema_migrations"."version" ASC[0m
  [1m[36mTRANSACTION (0.2ms)[0m  [1m[35mBEGIN[0m
  [1m[36mPost Create (4.9ms)[0m  [1m[32mINSERT INTO "posts" ("title", "content", "created_at", "updated_at") VALUES ($1, $2, $3, $4) RETURNING "id"[0m  [["title", "Frozen Pizza Reviews"], ["content", "Digornio: It's good!"], ["created_at", "2021-03-17 21:08:45.256900"], ["updated_at", "2021-03-17 21:08:45.256900"]]
  [1m[36mTRANSACTION (4.4ms)[0m  [1m[35mCOMMIT[0m
  [1m[36mPost Load (3.0ms)[0m  [1m[34mSELECT "posts".* FROM "posts"[0m
  [1m[36mTRANSACTION (0.4ms)[0m  [1m[35mBEGIN[0m
  [1m[36mPost Create (0.7ms)[0m  [1m[32mINSERT INTO "posts" ("title", "content", "created_at", "updated_at") VALUES ($1, $2, $3, $4) RETURNING "id"[0m  [["title", "Confessions and Complaints"], ["content", "Looking up a person's zodiac sign everytime I meet someone new."], ["created_at", "2021-03-17 21:14:55.677985"], ["updated_at", "2021-03-17 21:14:55.677985"]]
  [1m[36mTRANSACTION (1.2ms)[0m  [1m[35mCOMMIT[0m
  [1m[36mPost Load (0.5ms)[0m  [1m[34mSELECT "posts".* FROM "posts"[0m
Started GET "/" for ::1 at 2021-03-17 14:15:41 -0700
  [1m[35m (2.9ms)[0m  [1m[34mSELECT "schema_migrations"."version" FROM "schema_migrations" ORDER BY "schema_migrations"."version" ASC[0m
Processing by Rails::WelcomeController#index as HTML
  Rendering /Users/lexpeterson/.rvm/gems/ruby-3.0.0/gems/railties-6.1.3/lib/rails/templates/rails/welcome/index.html.erb
  Rendered /Users/lexpeterson/.rvm/gems/ruby-3.0.0/gems/railties-6.1.3/lib/rails/templates/rails/welcome/index.html.erb (Duration: 8.6ms | Allocations: 415)
Completed 200 OK in 25ms (Views: 13.3ms | ActiveRecord: 0.0ms | Allocations: 3068)


Started GET "/home" for ::1 at 2021-03-17 14:27:15 -0700
  [1m[35m (24.8ms)[0m  [1m[34mSELECT "schema_migrations"."version" FROM "schema_migrations" ORDER BY "schema_migrations"."version" ASC[0m
Processing by PostController#home as HTML
  Rendering layout layouts/application.html.erb
  Rendering post/home.html.erb within layouts/application
  [1m[36mPost Load (312.2ms)[0m  [1m[34mSELECT "posts".* FROM "posts"[0m
  ↳ app/views/post/home.html.erb:4
  Rendered post/home.html.erb within layouts/application (Duration: 393.7ms | Allocations: 4974)
[Webpacker] Compiling...
[Webpacker] Compiled all packs in /Users/lexpeterson/Desktop/rails-challenges/blog_app/public/packs
[Webpacker] Hash: e332c6419728fac579d5
Version: webpack 4.46.0
Time: 12758ms
Built at: 03/17/2021 2:27:37 PM
                                     Asset       Size       Chunks                         Chunk Names
    js/application-f826770d917d8a37c1d8.js    125 KiB  application  [emitted] [immutable]  application
js/application-f826770d917d8a37c1d8.js.map    139 KiB  application  [emitted] [dev]        application
                             manifest.json  364 bytes               [emitted]              
Entrypoint application = js/application-f826770d917d8a37c1d8.js js/application-f826770d917d8a37c1d8.js.map
[./app/javascript/channels sync recursive _channel\.js$] ./app/javascript/channels sync _channel\.js$ 160 bytes {application} [built]
[./app/javascript/channels/index.js] 211 bytes {application} [built]
[./app/javascript/packs/application.js] 492 bytes {application} [built]
[./node_modules/webpack/buildin/module.js] (webpack)/buildin/module.js 552 bytes {application} [built]
    + 3 hidden modules

  Rendered layout layouts/application.html.erb (Duration: 21914.2ms | Allocations: 20016)
Completed 200 OK in 21974ms (Views: 21585.5ms | ActiveRecord: 368.8ms | Allocations: 23518)


Started GET "/home" for ::1 at 2021-03-17 14:28:29 -0700
Processing by PostController#home as HTML
  Rendering layout layouts/application.html.erb
  Rendering post/home.html.erb within layouts/application
  [1m[36mPost Load (1.7ms)[0m  [1m[34mSELECT "posts".* FROM "posts"[0m
  ↳ app/views/post/home.html.erb:4
  Rendered post/home.html.erb within layouts/application (Duration: 9.4ms | Allocations: 1032)
[Webpacker] Everything's up-to-date. Nothing to do
  Rendered layout layouts/application.html.erb (Duration: 21.3ms | Allocations: 4676)
Completed 200 OK in 29ms (Views: 25.1ms | ActiveRecord: 1.7ms | Allocations: 5936)


Started GET "/post/1" for ::1 at 2021-03-17 14:43:24 -0700
Processing by PostController#show as HTML
  Parameters: {"id"=>"1"}
  [1m[36mPost Load (1.1ms)[0m  [1m[34mSELECT "posts".* FROM "posts" WHERE "posts"."id" = $1 LIMIT $2[0m  [["id", 1], ["LIMIT", 1]]
  ↳ app/controllers/post_controller.rb:6:in `show'
  Rendering layout layouts/application.html.erb
  Rendering post/show.html.erb within layouts/application
  Rendered post/show.html.erb within layouts/application (Duration: 9.0ms | Allocations: 4831)
  Rendered layout layouts/application.html.erb (Duration: 9.3ms | Allocations: 4900)
Completed 500 Internal Server Error in 80ms (ActiveRecord: 40.4ms | Allocations: 13116)


  
ActionView::Template::Error (undefined local variable or method `home' for #<ActionView::Base:0x00000000008840>):
    2: 
    3: <p><%= @post.content %></p>
    4: 
    5: <%= link_to 'Home', posts_path(home) %>
  
app/views/post/show.html.erb:5
Started GET "/post/1" for ::1 at 2021-03-17 14:43:45 -0700
Processing by PostController#show as HTML
  Parameters: {"id"=>"1"}
  [1m[36mPost Load (44.6ms)[0m  [1m[34mSELECT "posts".* FROM "posts" WHERE "posts"."id" = $1 LIMIT $2[0m  [["id", 1], ["LIMIT", 1]]
  ↳ app/controllers/post_controller.rb:6:in `show'
  Rendering layout layouts/application.html.erb
  Rendering post/show.html.erb within layouts/application
  Rendered post/show.html.erb within layouts/application (Duration: 2.1ms | Allocations: 300)
[Webpacker] Everything's up-to-date. Nothing to do
  Rendered layout layouts/application.html.erb (Duration: 33.1ms | Allocations: 3948)
Completed 200 OK in 149ms (Views: 40.4ms | ActiveRecord: 44.6ms | Allocations: 5859)


Started GET "/post/1" for ::1 at 2021-03-17 14:43:50 -0700
Processing by PostController#show as HTML
  Parameters: {"id"=>"1"}
  [1m[36mPost Load (1.8ms)[0m  [1m[34mSELECT "posts".* FROM "posts" WHERE "posts"."id" = $1 LIMIT $2[0m  [["id", 1], ["LIMIT", 1]]
  ↳ app/controllers/post_controller.rb:6:in `show'
  Rendering layout layouts/application.html.erb
  Rendering post/show.html.erb within layouts/application
  Rendered post/show.html.erb within layouts/application (Duration: 0.5ms | Allocations: 93)
[Webpacker] Everything's up-to-date. Nothing to do
  Rendered layout layouts/application.html.erb (Duration: 20.2ms | Allocations: 3497)
Completed 200 OK in 29ms (Views: 22.2ms | ActiveRecord: 1.8ms | Allocations: 4631)


Started GET "/post/1" for ::1 at 2021-03-17 14:43:51 -0700
Processing by PostController#show as HTML
  Parameters: {"id"=>"1"}
  [1m[36mPost Load (2.2ms)[0m  [1m[34mSELECT "posts".* FROM "posts" WHERE "posts"."id" = $1 LIMIT $2[0m  [["id", 1], ["LIMIT", 1]]
  ↳ app/controllers/post_controller.rb:6:in `show'
Started GET "/post/1" for ::1 at 2021-03-17 14:43:52 -0700
Started GET "/post/1" for ::1 at 2021-03-17 14:43:52 -0700
  Rendering layout layouts/application.html.erb
  Rendering post/show.html.erb within layouts/application
  Rendered post/show.html.erb within layouts/application (Duration: 0.5ms | Allocations: 93)
Processing by PostController#show as HTML
  Parameters: {"id"=>"1"}
Processing by PostController#show as HTML
  Parameters: {"id"=>"1"}
[Webpacker] Everything's up-to-date. Nothing to do
  Rendered layout layouts/application.html.erb (Duration: 23.6ms | Allocations: 4925)
Completed 200 OK in 1291ms (Views: 29.0ms | ActiveRecord: 2.2ms | Allocations: 9391)


Started GET "/post/1" for ::1 at 2021-03-17 14:43:52 -0700
Processing by PostController#show as HTML
  Parameters: {"id"=>"1"}
  [1m[36mPost Load (4.1ms)[0m  [1m[34mSELECT "posts".* FROM "posts" WHERE "posts"."id" = $1 LIMIT $2[0m  [["id", 1], ["LIMIT", 1]]
  ↳ app/controllers/post_controller.rb:6:in `show'
  Rendering layout layouts/application.html.erb
  Rendering post/show.html.erb within layouts/application
  Rendered post/show.html.erb within layouts/application (Duration: 0.5ms | Allocations: 93)
[Webpacker] Everything's up-to-date. Nothing to do
  Rendered layout layouts/application.html.erb (Duration: 53.5ms | Allocations: 3499)
Completed 200 OK in 193ms (Views: 54.7ms | ActiveRecord: 4.1ms | Allocations: 4649)


Started GET "/post/1" for ::1 at 2021-03-17 14:43:53 -0700
Processing by PostController#show as HTML
  Parameters: {"id"=>"1"}
Started GET "/post/1" for ::1 at 2021-03-17 14:43:53 -0700
Processing by PostController#show as HTML
  Parameters: {"id"=>"1"}
Started GET "/post/1" for ::1 at 2021-03-17 14:43:54 -0700
Processing by PostController#show as HTML
  Parameters: {"id"=>"1"}
  [1m[36mPost Load (721.7ms)[0m  [1m[34mSELECT "posts".* FROM "posts" WHERE "posts"."id" = $1 LIMIT $2[0m  [["id", 1], ["LIMIT", 1]]
  ↳ app/controllers/post_controller.rb:6:in `show'
  Rendering layout layouts/application.html.erb
  Rendering post/show.html.erb within layouts/application
  Rendered post/show.html.erb within layouts/application (Duration: 0.4ms | Allocations: 93)
[Webpacker] Everything's up-to-date. Nothing to do
  [1m[36mPost Load (9.7ms)[0m  [1m[34mSELECT "posts".* FROM "posts" WHERE "posts"."id" = $1 LIMIT $2[0m  [["id", 1], ["LIMIT", 1]]
  [1m[36mPost Load (3.5ms)[0m  [1m[34mSELECT "posts".* FROM "posts" WHERE "posts"."id" = $1 LIMIT $2[0m  [["id", 1], ["LIMIT", 1]]
  [1m[36mPost Load (5.7ms)[0m  [1m[34mSELECT "posts".* FROM "posts" WHERE "posts"."id" = $1 LIMIT $2[0m  [["id", 1], ["LIMIT", 1]]
  ↳ app/controllers/post_controller.rb:6:in `show'
  ↳ app/controllers/post_controller.rb:6:in `show'
  Rendered layout layouts/application.html.erb (Duration: 6596.7ms | Allocations: 15951)
  ↳ app/controllers/post_controller.rb:6:in `show'
  Rendering layout layouts/application.html.erb
  [1m[36mPost Load (12.9ms)[0m  [1m[34mSELECT "posts".* FROM "posts" WHERE "posts"."id" = $1 LIMIT $2[0m  [["id", 1], ["LIMIT", 1]]
  Rendering layout layouts/application.html.erb
  Rendering post/show.html.erb within layouts/application
Completed 200 OK in 7702ms (Views: 6603.2ms | ActiveRecord: 721.7ms | Allocations: 23193)


  Rendering post/show.html.erb within layouts/application
  ↳ app/controllers/post_controller.rb:6:in `show'
  Rendered post/show.html.erb within layouts/application (Duration: 0.5ms | Allocations: 93)
  Rendering layout layouts/application.html.erb
  Rendering layout layouts/application.html.erb
  Rendered post/show.html.erb within layouts/application (Duration: 0.5ms | Allocations: 93)
  Rendering post/show.html.erb within layouts/application
  Rendered post/show.html.erb within layouts/application (Duration: 0.5ms | Allocations: 93)
Started GET "/post/1" for ::1 at 2021-03-17 14:44:01 -0700
[Webpacker] Everything's up-to-date. Nothing to do
  Rendering post/show.html.erb within layouts/application
  Rendered post/show.html.erb within layouts/application (Duration: 0.6ms | Allocations: 93)
  Rendered layout layouts/application.html.erb (Duration: 296.4ms | Allocations: 11075)
Completed 200 OK in 8753ms (Views: 310.2ms | ActiveRecord: 2051.2ms | Allocations: 52627)


[Webpacker] Everything's up-to-date. Nothing to do
Processing by PostController#show as HTML
  Parameters: {"id"=>"1"}
  Rendered layout layouts/application.html.erb (Duration: 317.4ms | Allocations: 16420)
Completed 200 OK in 7465ms (Views: 335.4ms | ActiveRecord: 1220.4ms | Allocations: 36202)


[Webpacker] Everything's up-to-date. Nothing to do
  Rendered layout layouts/application.html.erb (Duration: 326.7ms | Allocations: 16832)
[Webpacker] Everything's up-to-date. Nothing to do
Completed 200 OK in 13489ms (Views: 5035.0ms | ActiveRecord: 1158.8ms | Allocations: 62498)


Started GET "/post/1" for ::1 at 2021-03-17 14:44:06 -0700
  [1m[36mPost Load (13.5ms)[0m  [1m[34mSELECT "posts".* FROM "posts" WHERE "posts"."id" = $1 LIMIT $2[0m  [["id", 1], ["LIMIT", 1]]
  Rendered layout layouts/application.html.erb (Duration: 5037.1ms | Allocations: 21727)
Started GET "/post/1" for ::1 at 2021-03-17 14:44:06 -0700
  ↳ app/controllers/post_controller.rb:6:in `show'
  Rendering layout layouts/application.html.erb
  Rendering post/show.html.erb within layouts/application
Processing by PostController#show as HTML
Completed 200 OK in 12430ms (Views: 5048.7ms | ActiveRecord: 1271.0ms | Allocations: 44962)


  Parameters: {"id"=>"1"}
Processing by PostController#show as HTML
  Parameters: {"id"=>"1"}
  Rendered post/show.html.erb within layouts/application (Duration: 3.1ms | Allocations: 112)
Started GET "/post/1" for ::1 at 2021-03-17 14:44:06 -0700
Processing by PostController#show as HTML
  Parameters: {"id"=>"1"}
Started GET "/post/1" for ::1 at 2021-03-17 14:44:06 -0700
[Webpacker] Everything's up-to-date. Nothing to do
  Rendered layout layouts/application.html.erb (Duration: 263.0ms | Allocations: 9602)
Completed 200 OK in 4993ms (Views: 264.1ms | ActiveRecord: 13.5ms | Allocations: 17122)


  [1m[36mPost Load (186.9ms)[0m  [1m[34mSELECT "posts".* FROM "posts" WHERE "posts"."id" = $1 LIMIT $2[0m  [["id", 1], ["LIMIT", 1]]
  ↳ app/controllers/post_controller.rb:6:in `show'
  Rendering layout layouts/application.html.erb
  Rendering post/show.html.erb within layouts/application
  Rendered post/show.html.erb within layouts/application (Duration: 0.5ms | Allocations: 93)
  [1m[36mPost Load (29.3ms)[0m  [1m[34mSELECT "posts".* FROM "posts" WHERE "posts"."id" = $1 LIMIT $2[0m  [["id", 1], ["LIMIT", 1]]
Processing by PostController#show as HTML
  ↳ app/controllers/post_controller.rb:6:in `show'
  Parameters: {"id"=>"1"}
  [1m[36mPost Load (87.3ms)[0m  [1m[34mSELECT "posts".* FROM "posts" WHERE "posts"."id" = $1 LIMIT $2[0m  [["id", 1], ["LIMIT", 1]]
  Rendering layout layouts/application.html.erb
Started GET "/post/1" for ::1 at 2021-03-17 14:44:08 -0700
[Webpacker] Everything's up-to-date. Nothing to do
  ↳ app/controllers/post_controller.rb:6:in `show'
  Rendering post/show.html.erb within layouts/application
  Rendered layout layouts/application.html.erb (Duration: 2321.5ms | Allocations: 7854)
Completed 200 OK in 2587ms (Views: 2324.5ms | ActiveRecord: 186.9ms | Allocations: 17706)


  Rendering layout layouts/application.html.erb
Processing by PostController#show as HTML
  Rendering post/show.html.erb within layouts/application
  Rendered post/show.html.erb within layouts/application (Duration: 1.1ms | Allocations: 93)
  Rendered post/show.html.erb within layouts/application (Duration: 0.5ms | Allocations: 93)
  Parameters: {"id"=>"1"}
  [1m[36mPost Load (28.1ms)[0m  [1m[34mSELECT "posts".* FROM "posts" WHERE "posts"."id" = $1 LIMIT $2[0m  [["id", 1], ["LIMIT", 1]]
  ↳ app/controllers/post_controller.rb:6:in `show'
  [1m[36mPost Load (4.4ms)[0m  [1m[34mSELECT "posts".* FROM "posts" WHERE "posts"."id" = $1 LIMIT $2[0m  [["id", 1], ["LIMIT", 1]]
  ↳ app/controllers/post_controller.rb:6:in `show'
  Rendering layout layouts/application.html.erb
  Rendering post/show.html.erb within layouts/application
  Rendered post/show.html.erb within layouts/application (Duration: 0.8ms | Allocations: 93)
Started GET "/post/1" for ::1 at 2021-03-17 14:44:08 -0700
  Rendering layout layouts/application.html.erb
Processing by PostController#show as HTML
  Parameters: {"id"=>"1"}
[Webpacker] Everything's up-to-date. Nothing to do
  Rendered layout layouts/application.html.erb (Duration: 137.1ms | Allocations: 12589)
Completed 200 OK in 2720ms (Views: 141.8ms | ActiveRecord: 29.3ms | Allocations: 29565)


  Rendering post/show.html.erb within layouts/application
  Rendered post/show.html.erb within layouts/application (Duration: 0.5ms | Allocations: 93)
[Webpacker] Everything's up-to-date. Nothing to do
  Rendered layout layouts/application.html.erb (Duration: 138.0ms | Allocations: 5439)
Completed 200 OK in 205ms (Views: 164.8ms | ActiveRecord: 28.1ms | Allocations: 17312)


[Webpacker] Everything's up-to-date. Nothing to do
Started GET "/post/1" for ::1 at 2021-03-17 14:44:09 -0700
  Rendered layout layouts/application.html.erb (Duration: 335.7ms | Allocations: 23026)
Started GET "/post/1" for ::1 at 2021-03-17 14:44:09 -0700
Processing by PostController#show as HTML
  Parameters: {"id"=>"1"}
[Webpacker] Everything's up-to-date. Nothing to do
Completed 200 OK in 2685ms (Views: 349.6ms | ActiveRecord: 87.3ms | Allocations: 34506)


  [1m[36mPost Load (146.8ms)[0m  [1m[34mSELECT "posts".* FROM "posts" WHERE "posts"."id" = $1 LIMIT $2[0m  [["id", 1], ["LIMIT", 1]]
  ↳ app/controllers/post_controller.rb:6:in `show'
  Rendering layout layouts/application.html.erb
Started GET "/post/1" for ::1 at 2021-03-17 14:44:09 -0700
Processing by PostController#show as HTML
  Parameters: {"id"=>"1"}
  Rendered layout layouts/application.html.erb (Duration: 313.6ms | Allocations: 17001)
Completed 200 OK in 358ms (Views: 329.6ms | ActiveRecord: 4.4ms | Allocations: 27419)


  Rendering post/show.html.erb within layouts/application
  Rendered post/show.html.erb within layouts/application (Duration: 0.7ms | Allocations: 93)
Processing by PostController#show as HTML
  Parameters: {"id"=>"1"}
  [1m[36mPost Load (8.6ms)[0m  [1m[34mSELECT "posts".* FROM "posts" WHERE "posts"."id" = $1 LIMIT $2[0m  [["id", 1], ["LIMIT", 1]]
[Webpacker] Everything's up-to-date. Nothing to do
  [1m[36mPost Load (3.5ms)[0m  [1m[34mSELECT "posts".* FROM "posts" WHERE "posts"."id" = $1 LIMIT $2[0m  [["id", 1], ["LIMIT", 1]]
  ↳ app/controllers/post_controller.rb:6:in `show'
  ↳ app/controllers/post_controller.rb:6:in `show'
  Rendering layout layouts/application.html.erb
  Rendered layout layouts/application.html.erb (Duration: 2577.7ms | Allocations: 7562)
Started GET "/post/1" for ::1 at 2021-03-17 14:44:11 -0700
  Rendering layout layouts/application.html.erb
Completed 200 OK in 2822ms (Views: 2591.0ms | ActiveRecord: 146.8ms | Allocations: 26349)


  Rendering post/show.html.erb within layouts/application
  [1m[36mPost Load (223.6ms)[0m  [1m[34mSELECT "posts".* FROM "posts" WHERE "posts"."id" = $1 LIMIT $2[0m  [["id", 1], ["LIMIT", 1]]
  Rendering post/show.html.erb within layouts/application
  Rendered post/show.html.erb within layouts/application (Duration: 0.5ms | Allocations: 93)
Processing by PostController#show as HTML
  ↳ app/controllers/post_controller.rb:6:in `show'
  Rendered post/show.html.erb within layouts/application (Duration: 0.5ms | Allocations: 93)
  Rendering layout layouts/application.html.erb
  Parameters: {"id"=>"1"}
  Rendering post/show.html.erb within layouts/application
  Rendered post/show.html.erb within layouts/application (Duration: 0.6ms | Allocations: 93)
Started GET "/post/1" for ::1 at 2021-03-17 14:44:11 -0700
Processing by PostController#show as HTML
  Parameters: {"id"=>"1"}
[Webpacker] Everything's up-to-date. Nothing to do
[Webpacker] Everything's up-to-date. Nothing to do
[Webpacker] Everything's up-to-date. Nothing to do
  Rendered layout layouts/application.html.erb (Duration: 2439.2ms | Allocations: 14489)
  Rendered layout layouts/application.html.erb (Duration: 2425.8ms | Allocations: 12396)
  [1m[36mPost Load (4.8ms)[0m  [1m[34mSELECT "posts".* FROM "posts" WHERE "posts"."id" = $1 LIMIT $2[0m  [["id", 1], ["LIMIT", 1]]
  Rendered layout layouts/application.html.erb (Duration: 2442.7ms | Allocations: 15227)
  [1m[36mPost Load (106.8ms)[0m  [1m[34mSELECT "posts".* FROM "posts" WHERE "posts"."id" = $1 LIMIT $2[0m  [["id", 1], ["LIMIT", 1]]
Completed 200 OK in 5046ms (Views: 2442.2ms | ActiveRecord: 3.5ms | Allocations: 27656)


Completed 200 OK in 5009ms (Views: 2434.3ms | ActiveRecord: 223.6ms | Allocations: 21172)


  ↳ app/controllers/post_controller.rb:6:in `show'
Completed 200 OK in 5031ms (Views: 2451.7ms | ActiveRecord: 8.6ms | Allocations: 24235)


  ↳ app/controllers/post_controller.rb:6:in `show'
  Rendering layout layouts/application.html.erb
  Rendering layout layouts/application.html.erb
Started GET "/post/1" for ::1 at 2021-03-17 14:44:17 -0700
  Rendering post/show.html.erb within layouts/application
Started GET "/post/1" for ::1 at 2021-03-17 14:44:17 -0700
  Rendering post/show.html.erb within layouts/application
Processing by PostController#show as HTML
  Rendered post/show.html.erb within layouts/application (Duration: 0.5ms | Allocations: 93)
  Parameters: {"id"=>"1"}
Started GET "/post/1" for ::1 at 2021-03-17 14:44:17 -0700
Processing by PostController#show as HTML
  Rendered post/show.html.erb within layouts/application (Duration: 0.5ms | Allocations: 93)
  Parameters: {"id"=>"1"}
Processing by PostController#show as HTML
  Parameters: {"id"=>"1"}
[Webpacker] Everything's up-to-date. Nothing to do
  Rendered layout layouts/application.html.erb (Duration: 41.5ms | Allocations: 8306)
Completed 200 OK in 2799ms (Views: 2781.3ms | ActiveRecord: 4.8ms | Allocations: 18290)


[Webpacker] Everything's up-to-date. Nothing to do
  Rendered layout layouts/application.html.erb (Duration: 56.9ms | Allocations: 9128)
Completed 200 OK in 5235ms (Views: 58.2ms | ActiveRecord: 106.8ms | Allocations: 30257)


Started GET "/post/1" for ::1 at 2021-03-17 14:44:23 -0700
  [1m[36mPost Load (11.1ms)[0m  [1m[34mSELECT "posts".* FROM "posts" WHERE "posts"."id" = $1 LIMIT $2[0m  [["id", 1], ["LIMIT", 1]]
  ↳ app/controllers/post_controller.rb:6:in `show'
  Rendering layout layouts/application.html.erb
  [1m[36mPost Load (15.6ms)[0m  [1m[34mSELECT "posts".* FROM "posts" WHERE "posts"."id" = $1 LIMIT $2[0m  [["id", 1], ["LIMIT", 1]]
  ↳ app/controllers/post_controller.rb:6:in `show'
Processing by PostController#show as HTML
  [1m[36mPost Load (10.6ms)[0m  [1m[34mSELECT "posts".* FROM "posts" WHERE "posts"."id" = $1 LIMIT $2[0m  [["id", 1], ["LIMIT", 1]]
  Rendering post/show.html.erb within layouts/application
  Rendering layout layouts/application.html.erb
  Rendering post/show.html.erb within layouts/application
  Parameters: {"id"=>"1"}
  Rendered post/show.html.erb within layouts/application (Duration: 5.3ms | Allocations: 598)
  ↳ app/controllers/post_controller.rb:6:in `show'
  Rendered post/show.html.erb within layouts/application (Duration: 0.8ms | Allocations: 93)
  Rendering layout layouts/application.html.erb
  Rendering post/show.html.erb within layouts/application
  Rendered post/show.html.erb within layouts/application (Duration: 0.6ms | Allocations: 93)
Started GET "/post/1" for ::1 at 2021-03-17 14:44:23 -0700
Processing by PostController#show as HTML
  Parameters: {"id"=>"1"}
[Webpacker] Everything's up-to-date. Nothing to do
  Rendered layout layouts/application.html.erb (Duration: 189.5ms | Allocations: 11981)
Completed 200 OK in 10542ms (Views: 4142.1ms | ActiveRecord: 15.6ms | Allocations: 26695)


[Webpacker] Everything's up-to-date. Nothing to do
  [1m[36mPost Load (52.2ms)[0m  [1m[34mSELECT "posts".* FROM "posts" WHERE "posts"."id" = $1 LIMIT $2[0m  [["id", 1], ["LIMIT", 1]]
  [1m[36mPost Load (3.9ms)[0m  [1m[34mSELECT "posts".* FROM "posts" WHERE "posts"."id" = $1 LIMIT $2[0m  [["id", 1], ["LIMIT", 1]]
  ↳ app/controllers/post_controller.rb:6:in `show'
  Rendering layout layouts/application.html.erb
  Rendered layout layouts/application.html.erb (Duration: 4156.2ms | Allocations: 16262)
[Webpacker] Everything's up-to-date. Nothing to do
  ↳ app/controllers/post_controller.rb:6:in `show'
  Rendering post/show.html.erb within layouts/application
  Rendered layout layouts/application.html.erb (Duration: 4140.7ms | Allocations: 13571)
  Rendering layout layouts/application.html.erb
Completed 200 OK in 10544ms (Views: 4159.4ms | ActiveRecord: 11.1ms | Allocations: 27073)


  Rendered post/show.html.erb within layouts/application (Duration: 1.1ms | Allocations: 93)
Completed 200 OK in 10554ms (Views: 4144.6ms | ActiveRecord: 10.6ms | Allocations: 28575)


Started GET "/post/1" for ::1 at 2021-03-17 14:44:29 -0700
  Rendering post/show.html.erb within layouts/application
[Webpacker] Everything's up-to-date. Nothing to do
Started GET "/post/1" for ::1 at 2021-03-17 14:44:29 -0700
Processing by PostController#show as HTML
  Rendered post/show.html.erb within layouts/application (Duration: 0.7ms | Allocations: 93)
  Parameters: {"id"=>"1"}
  Rendered layout layouts/application.html.erb (Duration: 2206.4ms | Allocations: 10075)
Completed 200 OK in 6355ms (Views: 2211.5ms | ActiveRecord: 52.2ms | Allocations: 24580)


Processing by PostController#show as HTML
  Parameters: {"id"=>"1"}
[Webpacker] Everything's up-to-date. Nothing to do
  Rendered layout layouts/application.html.erb (Duration: 2225.4ms | Allocations: 12693)
Completed 200 OK in 6214ms (Views: 2232.0ms | ActiveRecord: 3.9ms | Allocations: 20328)


Started GET "/post/1" for ::1 at 2021-03-17 14:44:29 -0700
Processing by PostController#show as HTML
  Parameters: {"id"=>"1"}
Started GET "/post/1" for ::1 at 2021-03-17 14:44:30 -0700
Processing by PostController#show as HTML
  Parameters: {"id"=>"1"}
Started GET "/post/1" for ::1 at 2021-03-17 14:44:30 -0700
Processing by PostController#show as HTML
  Parameters: {"id"=>"1"}
  [1m[36mPost Load (107.3ms)[0m  [1m[34mSELECT "posts".* FROM "posts" WHERE "posts"."id" = $1 LIMIT $2[0m  [["id", 1], ["LIMIT", 1]]
  [1m[36mPost Load (10.0ms)[0m  [1m[34mSELECT "posts".* FROM "posts" WHERE "posts"."id" = $1 LIMIT $2[0m  [["id", 1], ["LIMIT", 1]]
  [1m[36mPost Load (13.4ms)[0m  [1m[34mSELECT "posts".* FROM "posts" WHERE "posts"."id" = $1 LIMIT $2[0m  [["id", 1], ["LIMIT", 1]]
  ↳ app/controllers/post_controller.rb:6:in `show'
  Rendering layout layouts/application.html.erb
  [1m[36mPost Load (16.8ms)[0m  [1m[34mSELECT "posts".* FROM "posts" WHERE "posts"."id" = $1 LIMIT $2[0m  [["id", 1], ["LIMIT", 1]]
  ↳ app/controllers/post_controller.rb:6:in `show'
  ↳ app/controllers/post_controller.rb:6:in `show'
  [1m[36mPost Load (12.6ms)[0m  [1m[34mSELECT "posts".* FROM "posts" WHERE "posts"."id" = $1 LIMIT $2[0m  [["id", 1], ["LIMIT", 1]]
  Rendering post/show.html.erb within layouts/application
  ↳ app/controllers/post_controller.rb:6:in `show'
  Rendering layout layouts/application.html.erb
  Rendering layout layouts/application.html.erb
  ↳ app/controllers/post_controller.rb:6:in `show'
  Rendered post/show.html.erb within layouts/application (Duration: 0.6ms | Allocations: 93)
  Rendering layout layouts/application.html.erb
  Rendering post/show.html.erb within layouts/application
  Rendering layout layouts/application.html.erb
  Rendering post/show.html.erb within layouts/application
  Rendering post/show.html.erb within layouts/application
  Rendered post/show.html.erb within layouts/application (Duration: 0.7ms | Allocations: 93)
  Rendering post/show.html.erb within layouts/application
  Rendered post/show.html.erb within layouts/application (Duration: 1.2ms | Allocations: 93)
  Rendered post/show.html.erb within layouts/application (Duration: 0.6ms | Allocations: 93)
  Rendered post/show.html.erb within layouts/application (Duration: 0.6ms | Allocations: 93)
[Webpacker] Everything's up-to-date. Nothing to do
  Rendered layout layouts/application.html.erb (Duration: 556.9ms | Allocations: 12582)
Completed 200 OK in 3838ms (Views: 561.0ms | ActiveRecord: 16.8ms | Allocations: 27360)


[Webpacker] Everything's up-to-date. Nothing to do
  Rendered layout layouts/application.html.erb (Duration: 152.1ms | Allocations: 14903)
Completed 200 OK in 3879ms (Views: 635.4ms | ActiveRecord: 10.0ms | Allocations: 24445)


[Webpacker] Everything's up-to-date. Nothing to do
  Rendered layout layouts/application.html.erb (Duration: 647.9ms | Allocations: 17061)
[Webpacker] Everything's up-to-date. Nothing to do
[Webpacker] Everything's up-to-date. Nothing to do
Started GET "/post/1" for ::1 at 2021-03-17 14:44:38 -0700
Started GET "/post/1" for ::1 at 2021-03-17 14:44:39 -0700
Completed 200 OK in 9137ms (Views: 5843.6ms | ActiveRecord: 107.3ms | Allocations: 38827)


  Rendered layout layouts/application.html.erb (Duration: 5358.0ms | Allocations: 21761)
  Rendered layout layouts/application.html.erb (Duration: 5850.4ms | Allocations: 24110)
Completed 200 OK in 8967ms (Views: 5867.9ms | ActiveRecord: 13.4ms | Allocations: 27980)


Processing by PostController#show as HTML
  Parameters: {"id"=>"1"}
Processing by PostController#show as HTML
  Parameters: {"id"=>"1"}
Completed 200 OK in 8996ms (Views: 5373.7ms | ActiveRecord: 12.6ms | Allocations: 30000)


Started GET "/post/1" for ::1 at 2021-03-17 14:44:39 -0700
Processing by PostController#show as HTML
  Parameters: {"id"=>"1"}
Started GET "/post/1" for ::1 at 2021-03-17 14:44:42 -0700
Started GET "/post/1" for ::1 at 2021-03-17 14:44:42 -0700
  [1m[36mPost Load (5.3ms)[0m  [1m[34mSELECT "posts".* FROM "posts" WHERE "posts"."id" = $1 LIMIT $2[0m  [["id", 1], ["LIMIT", 1]]
  [1m[36mPost Load (6.4ms)[0m  [1m[34mSELECT "posts".* FROM "posts" WHERE "posts"."id" = $1 LIMIT $2[0m  [["id", 1], ["LIMIT", 1]]
  ↳ app/controllers/post_controller.rb:6:in `show'
  [1m[36mPost Load (7.8ms)[0m  [1m[34mSELECT "posts".* FROM "posts" WHERE "posts"."id" = $1 LIMIT $2[0m  [["id", 1], ["LIMIT", 1]]
  ↳ app/controllers/post_controller.rb:6:in `show'
  Rendering layout layouts/application.html.erb
Processing by PostController#show as HTML
  ↳ app/controllers/post_controller.rb:6:in `show'
  Rendering layout layouts/application.html.erb
Processing by PostController#show as HTML
  Parameters: {"id"=>"1"}
  Rendering layout layouts/application.html.erb
  Rendering post/show.html.erb within layouts/application
  Rendering post/show.html.erb within layouts/application
  Parameters: {"id"=>"1"}
  Rendering post/show.html.erb within layouts/application
  Rendered post/show.html.erb within layouts/application (Duration: 0.8ms | Allocations: 93)
  [1m[36mPost Load (3.4ms)[0m  [1m[34mSELECT "posts".* FROM "posts" WHERE "posts"."id" = $1 LIMIT $2[0m  [["id", 1], ["LIMIT", 1]]
  Rendered post/show.html.erb within layouts/application (Duration: 0.8ms | Allocations: 93)
  Rendered post/show.html.erb within layouts/application (Duration: 0.8ms | Allocations: 94)
  ↳ app/controllers/post_controller.rb:6:in `show'
  Rendering layout layouts/application.html.erb
  Rendering post/show.html.erb within layouts/application
  Rendered post/show.html.erb within layouts/application (Duration: 0.5ms | Allocations: 93)
  [1m[36mPost Load (39.0ms)[0m  [1m[34mSELECT "posts".* FROM "posts" WHERE "posts"."id" = $1 LIMIT $2[0m  [["id", 1], ["LIMIT", 1]]
  ↳ app/controllers/post_controller.rb:6:in `show'
  Rendering layout layouts/application.html.erb
  Rendering post/show.html.erb within layouts/application
  Rendered post/show.html.erb within layouts/application (Duration: 1.1ms | Allocations: 93)
[Webpacker] Everything's up-to-date. Nothing to do
  Rendered layout layouts/application.html.erb (Duration: 743.6ms | Allocations: 14442)
Completed 200 OK in 4174ms (Views: 748.1ms | ActiveRecord: 6.4ms | Allocations: 25446)


[Webpacker] Everything's up-to-date. Nothing to do
[Webpacker] Everything's up-to-date. Nothing to do
[Webpacker] Everything's up-to-date. Nothing to do
[Webpacker] Everything's up-to-date. Nothing to do
Started GET "/post/1" for ::1 at 2021-03-17 14:44:46 -0700
  Rendered layout layouts/application.html.erb (Duration: 3636.1ms | Allocations: 21506)
Completed 200 OK in 3657ms (Views: 3637.9ms | ActiveRecord: 7.8ms | Allocations: 24580)


  Rendered layout layouts/application.html.erb (Duration: 3005.3ms | Allocations: 9530)
  Rendered layout layouts/application.html.erb (Duration: 3047.6ms | Allocations: 19997)
Completed 200 OK in 3646ms (Views: 3051.2ms | ActiveRecord: 3.4ms | Allocations: 22605)


  Rendered layout layouts/application.html.erb (Duration: 3648.8ms | Allocations: 23088)
Processing by PostController#show as HTML
  Parameters: {"id"=>"1"}
Completed 200 OK in 3061ms (Views: 3012.6ms | ActiveRecord: 39.0ms | Allocations: 21755)


Completed 200 OK in 7081ms (Views: 3658.3ms | ActiveRecord: 5.3ms | Allocations: 34268)


Started GET "/post/1" for ::1 at 2021-03-17 14:44:49 -0700
Started GET "/post/1" for ::1 at 2021-03-17 14:44:49 -0700
  [1m[36mPost Load (1.9ms)[0m  [1m[34mSELECT "posts".* FROM "posts" WHERE "posts"."id" = $1 LIMIT $2[0m  [["id", 1], ["LIMIT", 1]]
Started GET "/post/1" for ::1 at 2021-03-17 14:44:49 -0700
  ↳ app/controllers/post_controller.rb:6:in `show'
  Rendering layout layouts/application.html.erb
  Rendering post/show.html.erb within layouts/application
Processing by PostController#show as HTML
Processing by PostController#show as HTML
  Parameters: {"id"=>"1"}
Processing by PostController#show as HTML
  Parameters: {"id"=>"1"}
  Parameters: {"id"=>"1"}
  Rendered post/show.html.erb within layouts/application (Duration: 0.6ms | Allocations: 93)
  [1m[36mPost Load (4.9ms)[0m  [1m[34mSELECT "posts".* FROM "posts" WHERE "posts"."id" = $1 LIMIT $2[0m  [["id", 1], ["LIMIT", 1]]
  ↳ app/controllers/post_controller.rb:6:in `show'
  Rendering layout layouts/application.html.erb
  [1m[36mPost Load (6.9ms)[0m  [1m[34mSELECT "posts".* FROM "posts" WHERE "posts"."id" = $1 LIMIT $2[0m  [["id", 1], ["LIMIT", 1]]
  Rendering post/show.html.erb within layouts/application
  ↳ app/controllers/post_controller.rb:6:in `show'
  Rendering layout layouts/application.html.erb
  Rendering post/show.html.erb within layouts/application
  [1m[36mPost Load (7.1ms)[0m  [1m[34mSELECT "posts".* FROM "posts" WHERE "posts"."id" = $1 LIMIT $2[0m  [["id", 1], ["LIMIT", 1]]
  Rendered post/show.html.erb within layouts/application (Duration: 1.4ms | Allocations: 93)
  Rendered post/show.html.erb within layouts/application (Duration: 0.6ms | Allocations: 93)
  ↳ app/controllers/post_controller.rb:6:in `show'
  Rendering layout layouts/application.html.erb
  Rendering post/show.html.erb within layouts/application
  Rendered post/show.html.erb within layouts/application (Duration: 0.5ms | Allocations: 93)
[Webpacker] Everything's up-to-date. Nothing to do
  Rendered layout layouts/application.html.erb (Duration: 191.8ms | Allocations: 13687)
Completed 200 OK in 3229ms (Views: 287.7ms | ActiveRecord: 1.9ms | Allocations: 25818)


[Webpacker] Everything's up-to-date. Nothing to do
[Webpacker] Everything's up-to-date. Nothing to do
[Webpacker] Everything's up-to-date. Nothing to do
  Rendered layout layouts/application.html.erb (Duration: 283.8ms | Allocations: 12902)
Completed 200 OK in 311ms (Views: 287.9ms | ActiveRecord: 4.9ms | Allocations: 17600)


  Rendered layout layouts/application.html.erb (Duration: 285.6ms | Allocations: 13141)
Completed 200 OK in 318ms (Views: 286.7ms | ActiveRecord: 6.9ms | Allocations: 18510)


  Rendered layout layouts/application.html.erb (Duration: 283.7ms | Allocations: 12731)
Completed 200 OK in 322ms (Views: 284.8ms | ActiveRecord: 7.1ms | Allocations: 19005)


Started GET "/post/1" for ::1 at 2021-03-17 14:44:57 -0700
Processing by PostController#show as HTML
  Parameters: {"id"=>"1"}
  [1m[36mPost Load (3.9ms)[0m  [1m[34mSELECT "posts".* FROM "posts" WHERE "posts"."id" = $1 LIMIT $2[0m  [["id", 1], ["LIMIT", 1]]
  ↳ app/controllers/post_controller.rb:6:in `show'
  Rendering layout layouts/application.html.erb
  Rendering post/show.html.erb within layouts/application
  Rendered post/show.html.erb within layouts/application (Duration: 1.1ms | Allocations: 93)
[Webpacker] Everything's up-to-date. Nothing to do
  Rendered layout layouts/application.html.erb (Duration: 18.9ms | Allocations: 3497)
Completed 200 OK in 139ms (Views: 19.9ms | ActiveRecord: 3.9ms | Allocations: 4629)


Started GET "/post/1" for ::1 at 2021-03-17 14:44:59 -0700
Processing by PostController#show as HTML
  Parameters: {"id"=>"1"}
  [1m[36mPost Load (5.8ms)[0m  [1m[34mSELECT "posts".* FROM "posts" WHERE "posts"."id" = $1 LIMIT $2[0m  [["id", 1], ["LIMIT", 1]]
  ↳ app/controllers/post_controller.rb:6:in `show'
  Rendering layout layouts/application.html.erb
  Rendering post/show.html.erb within layouts/application
  Rendered post/show.html.erb within layouts/application (Duration: 0.5ms | Allocations: 93)
[Webpacker] Everything's up-to-date. Nothing to do
  Rendered layout layouts/application.html.erb (Duration: 16.8ms | Allocations: 3498)
Completed 200 OK in 1171ms (Views: 18.4ms | ActiveRecord: 5.8ms | Allocations: 4631)


Started GET "/post/1" for ::1 at 2021-03-17 14:45:27 -0700
Processing by PostController#show as HTML
  Parameters: {"id"=>"1"}
  [1m[36mPost Load (1.8ms)[0m  [1m[34mSELECT "posts".* FROM "posts" WHERE "posts"."id" = $1 LIMIT $2[0m  [["id", 1], ["LIMIT", 1]]
  ↳ app/controllers/post_controller.rb:6:in `show'
  Rendering layout layouts/application.html.erb
  Rendering post/show.html.erb within layouts/application
  Rendered post/show.html.erb within layouts/application (Duration: 1.7ms | Allocations: 218)
[Webpacker] Everything's up-to-date. Nothing to do
  Rendered layout layouts/application.html.erb (Duration: 28.1ms | Allocations: 3856)
Completed 200 OK in 100ms (Views: 37.0ms | ActiveRecord: 1.8ms | Allocations: 5748)


Started GET "/home" for ::1 at 2021-03-17 14:45:29 -0700
Processing by PostController#home as HTML
  Rendering layout layouts/application.html.erb
  Rendering post/home.html.erb within layouts/application
  [1m[36mPost Load (3.7ms)[0m  [1m[34mSELECT "posts".* FROM "posts"[0m
  ↳ app/views/post/home.html.erb:4
  Rendered post/home.html.erb within layouts/application (Duration: 2538.3ms | Allocations: 5769)
  Rendered layout layouts/application.html.erb (Duration: 2538.9ms | Allocations: 5837)
Completed 500 Internal Server Error in 2546ms (ActiveRecord: 3.7ms | Allocations: 6383)


  
ActionView::Template::Error (undefined local variable or method `posts' for #<ActionView::Base:0x00000000009768>
Did you mean?  post
               @posts):
    3: <ul>
    4:   <% @posts.each do |post| %>
    5:     <li>
    6:       <%= link_to post.title, post_path(posts)%>
    7:     </li>
    8:   <% end %>
    9: </ul>
  
app/views/post/home.html.erb:6
app/views/post/home.html.erb:4
Started GET "/home" for ::1 at 2021-03-17 14:46:20 -0700
Processing by PostController#home as HTML
  Rendering layout layouts/application.html.erb
  Rendering post/home.html.erb within layouts/application
  [1m[36mPost Load (2.9ms)[0m  [1m[34mSELECT "posts".* FROM "posts"[0m
  ↳ app/views/post/home.html.erb:4
  Rendered post/home.html.erb within layouts/application (Duration: 30.4ms | Allocations: 4813)
  Rendered layout layouts/application.html.erb (Duration: 31.1ms | Allocations: 4882)
Completed 500 Internal Server Error in 38ms (ActiveRecord: 2.9ms | Allocations: 6063)


  
ActionView::Template::Error (undefined method `post_path' for #<ActionView::Base:0x00000000009bf0>
Did you mean?  posts_path
               font_path):
    3: <ul>
    4:   <% @posts.each do |post| %>
    5:     <li>
    6:       <%= link_to post.title, post_path(@posts)%>
    7:     </li>
    8:   <% end %>
    9: </ul>
  
app/views/post/home.html.erb:6
app/views/post/home.html.erb:4
Started GET "/home" for ::1 at 2021-03-17 14:46:48 -0700
Processing by PostController#home as HTML
  Rendering layout layouts/application.html.erb
  Rendering post/home.html.erb within layouts/application
  [1m[36mPost Load (3.0ms)[0m  [1m[34mSELECT "posts".* FROM "posts"[0m
  ↳ app/views/post/home.html.erb:4
  Rendered post/home.html.erb within layouts/application (Duration: 26.2ms | Allocations: 5055)
  Rendered layout layouts/application.html.erb (Duration: 26.6ms | Allocations: 5127)
Completed 500 Internal Server Error in 34ms (ActiveRecord: 3.0ms | Allocations: 6307)


  
ActionView::Template::Error (undefined local variable or method `posts' for #<ActionView::Base:0x0000000000a078>
Did you mean?  post
               @posts):
    3: <ul>
    4:   <% @posts.each do |post| %>
    5:     <li>
    6:       <%= link_to post.title, posts_path(posts)%>
    7:     </li>
    8:   <% end %>
    9: </ul>
  
app/views/post/home.html.erb:6
app/views/post/home.html.erb:4
Started GET "/home" for ::1 at 2021-03-17 14:46:58 -0700
Processing by PostController#home as HTML
  Rendering layout layouts/application.html.erb
  Rendering post/home.html.erb within layouts/application
  [1m[36mPost Load (1.8ms)[0m  [1m[34mSELECT "posts".* FROM "posts"[0m
  ↳ app/views/post/home.html.erb:4
  Rendered post/home.html.erb within layouts/application (Duration: 9.9ms | Allocations: 2160)
  Rendered layout layouts/application.html.erb (Duration: 12.2ms | Allocations: 2229)
Completed 500 Internal Server Error in 31ms (ActiveRecord: 1.8ms | Allocations: 3411)


  
ActionView::Template::Error (No route matches {:action=>"show", :controller=>"post"}, missing required keys: [:id]
Did you mean?  posts_url):
    3: <ul>
    4:   <% @posts.each do |post| %>
    5:     <li>
    6:       <%= link_to post.title, posts_path%>
    7:     </li>
    8:   <% end %>
    9: </ul>
  
app/views/post/home.html.erb:6
app/views/post/home.html.erb:4
Started GET "/home" for ::1 at 2021-03-17 14:48:23 -0700
Processing by PostController#home as HTML
  Rendering layout layouts/application.html.erb
  Rendering post/home.html.erb within layouts/application
  [1m[36mPost Load (2.1ms)[0m  [1m[34mSELECT "posts".* FROM "posts"[0m
  ↳ app/views/post/home.html.erb:4
  Rendered post/home.html.erb within layouts/application (Duration: 325.8ms | Allocations: 8198)
  Rendered layout layouts/application.html.erb (Duration: 326.6ms | Allocations: 8267)
Completed 500 Internal Server Error in 341ms (ActiveRecord: 79.6ms | Allocations: 9894)


  
ActionView::Template::Error (undefined local variable or method `posts' for #<ActionView::Base:0x0000000000b568>
Did you mean?  post
               @posts):
    3: <ul>
    4:   <% @posts.each do |post| %>
    5:     <li>
    6:       <%= link_to post.title, posts_path(posts)%>
    7:     </li>
    8:   <% end %>
    9: </ul>
  
app/views/post/home.html.erb:6
app/views/post/home.html.erb:4
Started GET "/home" for ::1 at 2021-03-17 14:50:11 -0700
Processing by PostController#home as HTML
  Rendering layout layouts/application.html.erb
  Rendering post/home.html.erb within layouts/application
  [1m[36mPost Load (436.0ms)[0m  [1m[34mSELECT "posts".* FROM "posts"[0m
  ↳ app/views/post/home.html.erb:4
  Rendered post/home.html.erb within layouts/application (Duration: 831.8ms | Allocations: 7924)
  Rendered layout layouts/application.html.erb (Duration: 832.2ms | Allocations: 7993)
Completed 500 Internal Server Error in 846ms (ActiveRecord: 788.2ms | Allocations: 9620)


  
ActionView::Template::Error (undefined local variable or method `posts' for #<ActionView::Base:0x0000000000c648>
Did you mean?  post
               @posts):
    3: <ul>
    4:   <% @posts.each do |post| %>
    5:     <li>
    6:       <%= link_to post.title, post_path(posts)%>
    7:     </li>
    8:   <% end %>
    9: </ul>
  
app/views/post/home.html.erb:6
app/views/post/home.html.erb:4
Started GET "/home" for ::1 at 2021-03-17 14:50:31 -0700
Processing by PostController#home as HTML
  Rendering layout layouts/application.html.erb
  Rendering post/home.html.erb within layouts/application
  [1m[36mPost Load (1.2ms)[0m  [1m[34mSELECT "posts".* FROM "posts"[0m
  ↳ app/views/post/home.html.erb:4
  Rendered post/home.html.erb within layouts/application (Duration: 16.4ms | Allocations: 4791)
  Rendered layout layouts/application.html.erb (Duration: 16.9ms | Allocations: 4860)
Completed 500 Internal Server Error in 22ms (ActiveRecord: 1.2ms | Allocations: 6039)


  
ActionView::Template::Error (undefined method `post_path' for #<ActionView::Base:0x0000000000ca80>
Did you mean?  posts_path
               font_path):
    3: <ul>
    4:   <% @posts.each do |post| %>
    5:     <li>
    6:       <%= link_to post.title, post_path(post)%>
    7:     </li>
    8:   <% end %>
    9: </ul>
  
app/views/post/home.html.erb:6
app/views/post/home.html.erb:4
Started GET "/home" for ::1 at 2021-03-17 14:50:42 -0700
Processing by PostController#home as HTML
  Rendering layout layouts/application.html.erb
  Rendering post/home.html.erb within layouts/application
  [1m[36mPost Load (2.6ms)[0m  [1m[34mSELECT "posts".* FROM "posts"[0m
  ↳ app/views/post/home.html.erb:4
  Rendered post/home.html.erb within layouts/application (Duration: 59.3ms | Allocations: 1097)
[Webpacker] Everything's up-to-date. Nothing to do
  Rendered layout layouts/application.html.erb (Duration: 87.2ms | Allocations: 4743)
Completed 200 OK in 97ms (Views: 91.0ms | ActiveRecord: 2.6ms | Allocations: 5960)


Started GET "/post/1" for ::1 at 2021-03-17 14:51:27 -0700
Processing by PostController#show as HTML
  Parameters: {"id"=>"1"}
  [1m[36mPost Load (1.0ms)[0m  [1m[34mSELECT "posts".* FROM "posts" WHERE "posts"."id" = $1 LIMIT $2[0m  [["id", 1], ["LIMIT", 1]]
  ↳ app/controllers/post_controller.rb:6:in `show'
  Rendering layout layouts/application.html.erb
  Rendering post/show.html.erb within layouts/application
  Rendered post/show.html.erb within layouts/application (Duration: 0.5ms | Allocations: 190)
[Webpacker] Everything's up-to-date. Nothing to do
  Rendered layout layouts/application.html.erb (Duration: 13.6ms | Allocations: 3609)
Completed 200 OK in 24ms (Views: 15.6ms | ActiveRecord: 1.0ms | Allocations: 5518)


Started GET "/home" for ::1 at 2021-03-17 14:51:29 -0700
Processing by PostController#home as HTML
  Rendering layout layouts/application.html.erb
  Rendering post/home.html.erb within layouts/application
  [1m[36mPost Load (15.5ms)[0m  [1m[34mSELECT "posts".* FROM "posts"[0m
  ↳ app/views/post/home.html.erb:4
  Rendered post/home.html.erb within layouts/application (Duration: 34.1ms | Allocations: 1593)
[Webpacker] Everything's up-to-date. Nothing to do
  Rendered layout layouts/application.html.erb (Duration: 47.3ms | Allocations: 4997)
Completed 200 OK in 50ms (Views: 33.0ms | ActiveRecord: 15.5ms | Allocations: 5453)


Started GET "/post/2" for ::1 at 2021-03-17 14:51:30 -0700
Processing by PostController#show as HTML
  Parameters: {"id"=>"2"}
  [1m[36mPost Load (2.8ms)[0m  [1m[34mSELECT "posts".* FROM "posts" WHERE "posts"."id" = $1 LIMIT $2[0m  [["id", 2], ["LIMIT", 1]]
  ↳ app/controllers/post_controller.rb:6:in `show'
  Rendering layout layouts/application.html.erb
  Rendering post/show.html.erb within layouts/application
  Rendered post/show.html.erb within layouts/application (Duration: 0.6ms | Allocations: 77)
[Webpacker] Everything's up-to-date. Nothing to do
  Rendered layout layouts/application.html.erb (Duration: 2315.8ms | Allocations: 4152)
Completed 200 OK in 2326ms (Views: 2316.8ms | ActiveRecord: 2.8ms | Allocations: 5284)


Started GET "/home" for ::1 at 2021-03-17 14:51:47 -0700
Processing by PostController#home as HTML
  Rendering layout layouts/application.html.erb
  Rendering post/home.html.erb within layouts/application
  [1m[36mPost Load (1.4ms)[0m  [1m[34mSELECT "posts".* FROM "posts"[0m
  ↳ app/views/post/home.html.erb:4
  Rendered post/home.html.erb within layouts/application (Duration: 18.6ms | Allocations: 939)
[Webpacker] Everything's up-to-date. Nothing to do
  Rendered layout layouts/application.html.erb (Duration: 33.7ms | Allocations: 4908)
Completed 200 OK in 39ms (Views: 34.7ms | ActiveRecord: 1.4ms | Allocations: 5443)


Started GET "/home" for ::1 at 2021-03-17 15:04:53 -0700
Processing by PostController#home as HTML
  Rendering layout layouts/application.html.erb
  Rendering post/home.html.erb within layouts/application
  [1m[36mPost Load (26.6ms)[0m  [1m[34mSELECT "posts".* FROM "posts"[0m
  ↳ app/views/post/home.html.erb:4
  Rendered post/home.html.erb within layouts/application (Duration: 648.3ms | Allocations: 6573)
[Webpacker] Everything's up-to-date. Nothing to do
  Rendered layout layouts/application.html.erb (Duration: 672.0ms | Allocations: 10198)
Completed 200 OK in 682ms (Views: 675.5ms | ActiveRecord: 594.5ms | Allocations: 11856)


Started GET "/post/new" for ::1 at 2021-03-17 15:04:56 -0700
Processing by PostController#show as HTML
  Parameters: {"id"=>"new"}
  [1m[36mPost Load (1.4ms)[0m  [1m[34mSELECT "posts".* FROM "posts" WHERE "posts"."id" = $1 LIMIT $2[0m  [["id", nil], ["LIMIT", 1]]
  ↳ app/controllers/post_controller.rb:7:in `show'
Completed 404 Not Found in 36ms (ActiveRecord: 2.7ms | Allocations: 2210)


  
ActiveRecord::RecordNotFound (Couldn't find Post with 'id'=new):
  
app/controllers/post_controller.rb:7:in `show'
Started GET "/post/new" for ::1 at 2021-03-17 15:06:28 -0700
Processing by PostController#new as HTML
  Rendering layout layouts/application.html.erb
  Rendering post/new.html.erb within layouts/application
  Rendered post/new.html.erb within layouts/application (Duration: 1.7ms | Allocations: 1479)
  Rendered layout layouts/application.html.erb (Duration: 2.0ms | Allocations: 1548)
Completed 500 Internal Server Error in 85ms (ActiveRecord: 49.0ms | Allocations: 5641)


  
ActionView::Template::Error (No route matches {:action=>"show", :controller=>"post", :format=>nil}, missing required keys: [:id]
Did you mean?  posts_url):
    1: <%= form_with model:@post, local: true do |form| %>
    2: 
    3:   <%= form.label :title %>
    4:   <%= form.text_field :title %>
  
app/views/post/new.html.erb:1
Started GET "/post/new" for ::1 at 2021-03-17 15:24:27 -0700
Processing by PostController#new as HTML
  Rendering layout layouts/application.html.erb
  Rendering post/new.html.erb within layouts/application
  Rendered post/new.html.erb within layouts/application (Duration: 18.2ms | Allocations: 3369)
  Rendered layout layouts/application.html.erb (Duration: 18.8ms | Allocations: 3438)
Completed 500 Internal Server Error in 129ms (ActiveRecord: 48.9ms | Allocations: 10219)


  
ActionView::Template::Error (undefined method `posts_path' for #<ActionView::Base:0x00000000010298>
Did you mean?  post_path):
    1: <h3>Create a new post</h3>
    2: 
    3: <%= form_with model:@post, local:true do |form| %>
    4: 
    5:   <%= form.label :title %>
    6:   <%= form.text_field :title %>
  
app/views/post/new.html.erb:3
Started GET "/post/new" for ::1 at 2021-03-17 15:27:22 -0700
  [1m[35m (3.4ms)[0m  [1m[34mSELECT "schema_migrations"."version" FROM "schema_migrations" ORDER BY "schema_migrations"."version" ASC[0m
Processing by PostController#new as HTML
  Rendering layout layouts/application.html.erb
  Rendering post/new.html.erb within layouts/application
  Rendered post/new.html.erb within layouts/application (Duration: 195.7ms | Allocations: 4906)
[Webpacker] Everything's up-to-date. Nothing to do
  Rendered layout layouts/application.html.erb (Duration: 255.9ms | Allocations: 10814)
Completed 200 OK in 927ms (Views: 269.1ms | ActiveRecord: 259.8ms | Allocations: 17751)


Started GET "/index" for ::1 at 2021-03-17 15:27:31 -0700
Processing by PostController#index as HTML
  Rendering layout layouts/application.html.erb
  Rendering post/index.html.erb within layouts/application
  [1m[36mPost Load (10.3ms)[0m  [1m[34mSELECT "posts".* FROM "posts"[0m
  ↳ app/views/post/index.html.erb:4
  Rendered post/index.html.erb within layouts/application (Duration: 88.5ms | Allocations: 1944)
[Webpacker] Everything's up-to-date. Nothing to do
  Rendered layout layouts/application.html.erb (Duration: 322.0ms | Allocations: 5373)
Completed 200 OK in 329ms (Views: 314.4ms | ActiveRecord: 10.3ms | Allocations: 6011)


